# JRE version: Java(TM) SE Runtime Environment (7.0_45-b18) (build 1.7.0_45-b18)
# Java VM: Java HotSpot(TM) 64-Bit Server VM (24.45-b08 mixed mode windows-amd64 compressed oops)
Heap
 PSYoungGen      total 285696K, used 98743K [0x00000000eaa80000, 0x00000000fee00000, 0x0000000100000000)
  eden space 279552K, 35% used [0x00000000eaa80000,0x00000000f0aedfe0,0x00000000fbb80000)
  from space 6144K, 0% used [0x00000000fbb80000,0x00000000fbb80000,0x00000000fc180000)
  to   space 25600K, 0% used [0x00000000fd500000,0x00000000fd500000,0x00000000fee00000)
 ParOldGen       total 64512K, used 35188K [0x00000000c0000000, 0x00000000c3f00000, 0x00000000eaa80000)
  object space 64512K, 54% used [0x00000000c0000000,0x00000000c225d160,0x00000000c3f00000)
 PSPermGen       total 93184K, used 48704K [0x00000000b0000000, 0x00000000b5b00000, 0x00000000c0000000)
  object space 93184K, 52% used [0x00000000b0000000,0x00000000b2f90320,0x00000000b5b00000)
GC Heap History (10 events):
Event: 1519.663 GC heap before
{Heap before GC invocations=13 (full 2):
 PSYoungGen      total 322048K, used 293376K [0x00000000eaa80000, 0x0000000100000000, 0x0000000100000000)
  eden space 293376K, 100% used [0x00000000eaa80000,0x00000000fc900000,0x00000000fc900000)
  from space 28672K, 0% used [0x00000000fe400000,0x00000000fe400000,0x0000000100000000)
  to   space 27648K, 0% used [0x00000000fc900000,0x00000000fc900000,0x00000000fe400000)
 ParOldGen       total 64512K, used 39014K [0x00000000c0000000, 0x00000000c3f00000, 0x00000000eaa80000)
  object space 64512K, 60% used [0x00000000c0000000,0x00000000c26199c0,0x00000000c3f00000)
 PSPermGen       total 95232K, used 48204K [0x00000000b0000000, 0x00000000b5d00000, 0x00000000c0000000)
  object space 95232K, 50% used [0x00000000b0000000,0x00000000b2f13190,0x00000000b5d00000)
Event: 1519.694 GC heap after
Heap after GC invocations=13 (full 2):
 PSYoungGen      total 291328K, used 11246K [0x00000000eaa80000, 0x00000000fef00000, 0x0000000100000000)
  eden space 280064K, 0% used [0x00000000eaa80000,0x00000000eaa80000,0x00000000fbc00000)
  from space 11264K, 99% used [0x00000000fc900000,0x00000000fd3fbb78,0x00000000fd400000)
  to   space 26112K, 0% used [0x00000000fd580000,0x00000000fd580000,0x00000000fef00000)
 ParOldGen       total 64512K, used 39014K [0x00000000c0000000, 0x00000000c3f00000, 0x00000000eaa80000)
  object space 64512K, 60% used [0x00000000c0000000,0x00000000c26199c0,0x00000000c3f00000)
 PSPermGen       total 95232K, used 48204K [0x00000000b0000000, 0x00000000b5d00000, 0x00000000c0000000)
  object space 95232K, 50% used [0x00000000b0000000,0x00000000b2f13190,0x00000000b5d00000)
}
Event: 1523.594 GC heap before
{Heap before GC invocations=14 (full 2):
 PSYoungGen      total 291328K, used 46590K [0x00000000eaa80000, 0x00000000fef00000, 0x0000000100000000)
  eden space 280064K, 12% used [0x00000000eaa80000,0x00000000ecd03fa8,0x00000000fbc00000)
  from space 11264K, 99% used [0x00000000fc900000,0x00000000fd3fbb78,0x00000000fd400000)
  to   space 26112K, 0% used [0x00000000fd580000,0x00000000fd580000,0x00000000fef00000)
 ParOldGen       total 64512K, used 39014K [0x00000000c0000000, 0x00000000c3f00000, 0x00000000eaa80000)
  object space 64512K, 60% used [0x00000000c0000000,0x00000000c26199c0,0x00000000c3f00000)
 PSPermGen       total 95232K, used 48508K [0x00000000b0000000, 0x00000000b5d00000, 0x00000000c0000000)
  object space 95232K, 50% used [0x00000000b0000000,0x00000000b2f5f188,0x00000000b5d00000)
Event: 1523.628 GC heap after
Heap after GC invocations=14 (full 2):
 PSYoungGen      total 305664K, used 436K [0x00000000eaa80000, 0x00000000ff000000, 0x0000000100000000)
  eden space 279552K, 0% used [0x00000000eaa80000,0x00000000eaa80000,0x00000000fbb80000)
  from space 26112K, 1% used [0x00000000fd580000,0x00000000fd5ed2e8,0x00000000fef00000)
  to   space 26624K, 0% used [0x00000000fbb80000,0x00000000fbb80000,0x00000000fd580000)
 ParOldGen       total 64512K, used 45971K [0x00000000c0000000, 0x00000000c3f00000, 0x00000000eaa80000)
  object space 64512K, 71% used [0x00000000c0000000,0x00000000c2ce4c48,0x00000000c3f00000)
 PSPermGen       total 95232K, used 48508K [0x00000000b0000000, 0x00000000b5d00000, 0x00000000c0000000)
  object space 95232K, 50% used [0x00000000b0000000,0x00000000b2f5f188,0x00000000b5d00000)
}
Event: 1523.628 GC heap before
{Heap before GC invocations=15 (full 3):
 PSYoungGen      total 305664K, used 436K [0x00000000eaa80000, 0x00000000ff000000, 0x0000000100000000)
  eden space 279552K, 0% used [0x00000000eaa80000,0x00000000eaa80000,0x00000000fbb80000)
  from space 26112K, 1% used [0x00000000fd580000,0x00000000fd5ed2e8,0x00000000fef00000)
  to   space 26624K, 0% used [0x00000000fbb80000,0x00000000fbb80000,0x00000000fd580000)
 ParOldGen       total 64512K, used 45971K [0x00000000c0000000, 0x00000000c3f00000, 0x00000000eaa80000)
  object space 64512K, 71% used [0x00000000c0000000,0x00000000c2ce4c48,0x00000000c3f00000)
 PSPermGen       total 95232K, used 48508K [0x00000000b0000000, 0x00000000b5d00000, 0x00000000c0000000)
  object space 95232K, 50% used [0x00000000b0000000,0x00000000b2f5f188,0x00000000b5d00000)
Event: 1524.259 GC heap after
Heap after GC invocations=15 (full 3):
 PSYoungGen      total 305664K, used 0K [0x00000000eaa80000, 0x00000000ff000000, 0x0000000100000000)
  eden space 279552K, 0% used [0x00000000eaa80000,0x00000000eaa80000,0x00000000fbb80000)
  from space 26112K, 0% used [0x00000000fd580000,0x00000000fd580000,0x00000000fef00000)
  to   space 26624K, 0% used [0x00000000fbb80000,0x00000000fbb80000,0x00000000fd580000)
 ParOldGen       total 64512K, used 36776K [0x00000000c0000000, 0x00000000c3f00000, 0x00000000eaa80000)
  object space 64512K, 57% used [0x00000000c0000000,0x00000000c23ea298,0x00000000c3f00000)
 PSPermGen       total 95744K, used 48212K [0x00000000b0000000, 0x00000000b5d80000, 0x00000000c0000000)
  object space 95744K, 50% used [0x00000000b0000000,0x00000000b2f15210,0x00000000b5d80000)
}
Event: 1794.090 GC heap before
{Heap before GC invocations=16 (full 3):
 PSYoungGen      total 305664K, used 124347K [0x00000000eaa80000, 0x00000000ff000000, 0x0000000100000000)
  eden space 279552K, 44% used [0x00000000eaa80000,0x00000000f23eeca8,0x00000000fbb80000)
  from space 26112K, 0% used [0x00000000fd580000,0x00000000fd580000,0x00000000fef00000)
  to   space 26624K, 0% used [0x00000000fbb80000,0x00000000fbb80000,0x00000000fd580000)
 ParOldGen       total 64512K, used 36776K [0x00000000c0000000, 0x00000000c3f00000, 0x00000000eaa80000)
  object space 64512K, 57% used [0x00000000c0000000,0x00000000c23ea298,0x00000000c3f00000)
 PSPermGen       total 95744K, used 49064K [0x00000000b0000000, 0x00000000b5d80000, 0x00000000c0000000)
  object space 95744K, 51% used [0x00000000b0000000,0x00000000b2fea230,0x00000000b5d80000)
Event: 1794.132 GC heap after
Heap after GC invocations=16 (full 3):
 PSYoungGen      total 285696K, used 5739K [0x00000000eaa80000, 0x00000000fee00000, 0x0000000100000000)
  eden space 279552K, 0% used [0x00000000eaa80000,0x00000000eaa80000,0x00000000fbb80000)
  from space 6144K, 93% used [0x00000000fbb80000,0x00000000fc11ade0,0x00000000fc180000)
  to   space 25600K, 0% used [0x00000000fd500000,0x00000000fd500000,0x00000000fee00000)
 ParOldGen       total 64512K, used 36776K [0x00000000c0000000, 0x00000000c3f00000, 0x00000000eaa80000)
  object space 64512K, 57% used [0x00000000c0000000,0x00000000c23ea298,0x00000000c3f00000)
 PSPermGen       total 95744K, used 49064K [0x00000000b0000000, 0x00000000b5d80000, 0x00000000c0000000)
  object space 95744K, 51% used [0x00000000b0000000,0x00000000b2fea230,0x00000000b5d80000)
}
Event: 1794.132 GC heap before
{Heap before GC invocations=17 (full 4):
 PSYoungGen      total 285696K, used 5739K [0x00000000eaa80000, 0x00000000fee00000, 0x0000000100000000)
  eden space 279552K, 0% used [0x00000000eaa80000,0x00000000eaa80000,0x00000000fbb80000)
  from space 6144K, 93% used [0x00000000fbb80000,0x00000000fc11ade0,0x00000000fc180000)
  to   space 25600K, 0% used [0x00000000fd500000,0x00000000fd500000,0x00000000fee00000)
 ParOldGen       total 64512K, used 36776K [0x00000000c0000000, 0x00000000c3f00000, 0x00000000eaa80000)
  object space 64512K, 57% used [0x00000000c0000000,0x00000000c23ea298,0x00000000c3f00000)
 PSPermGen       total 95744K, used 49064K [0x00000000b0000000, 0x00000000b5d80000, 0x00000000c0000000)
  object space 95744K, 51% used [0x00000000b0000000,0x00000000b2fea230,0x00000000b5d80000)
Event: 1794.776 GC heap after
Heap after GC invocations=17 (full 4):
 PSYoungGen      total 285696K, used 0K [0x00000000eaa80000, 0x00000000fee00000, 0x0000000100000000)
  eden space 279552K, 0% used [0x00000000eaa80000,0x00000000eaa80000,0x00000000fbb80000)
  from space 6144K, 0% used [0x00000000fbb80000,0x00000000fbb80000,0x00000000fc180000)
  to   space 25600K, 0% used [0x00000000fd500000,0x00000000fd500000,0x00000000fee00000)
 ParOldGen       total 64512K, used 35188K [0x00000000c0000000, 0x00000000c3f00000, 0x00000000eaa80000)
  object space 64512K, 54% used [0x00000000c0000000,0x00000000c225d160,0x00000000c3f00000)
 PSPermGen       total 93184K, used 48490K [0x00000000b0000000, 0x00000000b5b00000, 0x00000000c0000000)
  object space 93184K, 52% used [0x00000000b0000000,0x00000000b2f5ab00,0x00000000b5b00000)
}

