# JRE version: Java(TM) SE Runtime Environment (7.0_45-b18) (build 1.7.0_45-b18)
# Java VM: Java HotSpot(TM) 64-Bit Server VM (24.45-b08 mixed mode windows-amd64 compressed oops)
Heap
 PSYoungGen      total 209920K, used 152344K [0x00000000eaa80000, 0x00000000fa280000, 0x0000000100000000)
  eden space 185856K, 69% used [0x00000000eaa80000,0x00000000f27c9d50,0x00000000f6000000)
  from space 24064K, 99% used [0x00000000f7e00000,0x00000000f957c4a0,0x00000000f9580000)
  to   space 30720K, 0% used [0x00000000f6000000,0x00000000f6000000,0x00000000f7e00000)
 ParOldGen       total 64512K, used 35730K [0x00000000c0000000, 0x00000000c3f00000, 0x00000000eaa80000)
  object space 64512K, 55% used [0x00000000c0000000,0x00000000c22e4b68,0x00000000c3f00000)
 PSPermGen       total 21504K, used 6251K [0x00000000bae00000, 0x00000000bc300000, 0x00000000c0000000)
  object space 21504K, 29% used [0x00000000bae00000,0x00000000bb41ac38,0x00000000bc300000)
GC Heap History (10 events):
Event: 5.923 GC heap before
{Heap before GC invocations=4 (full 0):
 PSYoungGen      total 28672K, used 28660K [0x00000000eaa80000, 0x00000000ee280000, 0x0000000100000000)
  eden space 24576K, 100% used [0x00000000eaa80000,0x00000000ec280000,0x00000000ec280000)
  from space 4096K, 99% used [0x00000000ec280000,0x00000000ec67d338,0x00000000ec680000)
  to   space 4096K, 0% used [0x00000000ede80000,0x00000000ede80000,0x00000000ee280000)
 ParOldGen       total 64512K, used 6035K [0x00000000c0000000, 0x00000000c3f00000, 0x00000000eaa80000)
  object space 64512K, 9% used [0x00000000c0000000,0x00000000c05e4f00,0x00000000c3f00000)
 PSPermGen       total 21504K, used 5868K [0x00000000bae00000, 0x00000000bc300000, 0x00000000c0000000)
  object space 21504K, 27% used [0x00000000bae00000,0x00000000bb3bb158,0x00000000bc300000)
Event: 6.021 GC heap after
Heap after GC invocations=4 (full 0):
 PSYoungGen      total 53248K, used 4079K [0x00000000eaa80000, 0x00000000ee280000, 0x0000000100000000)
  eden space 49152K, 0% used [0x00000000eaa80000,0x00000000eaa80000,0x00000000eda80000)
  from space 4096K, 99% used [0x00000000ede80000,0x00000000ee27bf48,0x00000000ee280000)
  to   space 4096K, 0% used [0x00000000eda80000,0x00000000eda80000,0x00000000ede80000)
 ParOldGen       total 64512K, used 9354K [0x00000000c0000000, 0x00000000c3f00000, 0x00000000eaa80000)
  object space 64512K, 14% used [0x00000000c0000000,0x00000000c09229c0,0x00000000c3f00000)
 PSPermGen       total 21504K, used 5868K [0x00000000bae00000, 0x00000000bc300000, 0x00000000c0000000)
  object space 21504K, 27% used [0x00000000bae00000,0x00000000bb3bb158,0x00000000bc300000)
}
Event: 6.843 GC heap before
{Heap before GC invocations=5 (full 0):
 PSYoungGen      total 53248K, used 53231K [0x00000000eaa80000, 0x00000000ee280000, 0x0000000100000000)
  eden space 49152K, 100% used [0x00000000eaa80000,0x00000000eda80000,0x00000000eda80000)
  from space 4096K, 99% used [0x00000000ede80000,0x00000000ee27bf48,0x00000000ee280000)
  to   space 4096K, 0% used [0x00000000eda80000,0x00000000eda80000,0x00000000ede80000)
 ParOldGen       total 64512K, used 9354K [0x00000000c0000000, 0x00000000c3f00000, 0x00000000eaa80000)
  object space 64512K, 14% used [0x00000000c0000000,0x00000000c09229c0,0x00000000c3f00000)
 PSPermGen       total 21504K, used 5905K [0x00000000bae00000, 0x00000000bc300000, 0x00000000c0000000)
  object space 21504K, 27% used [0x00000000bae00000,0x00000000bb3c4438,0x00000000bc300000)
Event: 6.892 GC heap after
Heap after GC invocations=5 (full 0):
 PSYoungGen      total 53248K, used 4068K [0x00000000eaa80000, 0x00000000f2480000, 0x0000000100000000)
  eden space 49152K, 0% used [0x00000000eaa80000,0x00000000eaa80000,0x00000000eda80000)
  from space 4096K, 99% used [0x00000000eda80000,0x00000000ede79328,0x00000000ede80000)
  to   space 13312K, 0% used [0x00000000f1780000,0x00000000f1780000,0x00000000f2480000)
 ParOldGen       total 64512K, used 17818K [0x00000000c0000000, 0x00000000c3f00000, 0x00000000eaa80000)
  object space 64512K, 27% used [0x00000000c0000000,0x00000000c1166868,0x00000000c3f00000)
 PSPermGen       total 21504K, used 5905K [0x00000000bae00000, 0x00000000bc300000, 0x00000000c0000000)
  object space 21504K, 27% used [0x00000000bae00000,0x00000000bb3c4438,0x00000000bc300000)
}
Event: 7.378 GC heap before
{Heap before GC invocations=6 (full 0):
 PSYoungGen      total 53248K, used 53220K [0x00000000eaa80000, 0x00000000f2480000, 0x0000000100000000)
  eden space 49152K, 100% used [0x00000000eaa80000,0x00000000eda80000,0x00000000eda80000)
  from space 4096K, 99% used [0x00000000eda80000,0x00000000ede79328,0x00000000ede80000)
  to   space 13312K, 0% used [0x00000000f1780000,0x00000000f1780000,0x00000000f2480000)
 ParOldGen       total 64512K, used 17818K [0x00000000c0000000, 0x00000000c3f00000, 0x00000000eaa80000)
  object space 64512K, 27% used [0x00000000c0000000,0x00000000c1166868,0x00000000c3f00000)
 PSPermGen       total 21504K, used 5943K [0x00000000bae00000, 0x00000000bc300000, 0x00000000c0000000)
  object space 21504K, 27% used [0x00000000bae00000,0x00000000bb3cdcd8,0x00000000bc300000)
Event: 7.402 GC heap after
Heap after GC invocations=6 (full 0):
 PSYoungGen      total 109568K, used 12341K [0x00000000eaa80000, 0x00000000f2880000, 0x0000000100000000)
  eden space 96256K, 0% used [0x00000000eaa80000,0x00000000eaa80000,0x00000000f0880000)
  from space 13312K, 92% used [0x00000000f1780000,0x00000000f238d588,0x00000000f2480000)
  to   space 15360K, 0% used [0x00000000f0880000,0x00000000f0880000,0x00000000f1780000)
 ParOldGen       total 64512K, used 17818K [0x00000000c0000000, 0x00000000c3f00000, 0x00000000eaa80000)
  object space 64512K, 27% used [0x00000000c0000000,0x00000000c1166868,0x00000000c3f00000)
 PSPermGen       total 21504K, used 5943K [0x00000000bae00000, 0x00000000bc300000, 0x00000000c0000000)
  object space 21504K, 27% used [0x00000000bae00000,0x00000000bb3cdcd8,0x00000000bc300000)
}
Event: 8.089 GC heap before
{Heap before GC invocations=7 (full 0):
 PSYoungGen      total 109568K, used 108597K [0x00000000eaa80000, 0x00000000f2880000, 0x0000000100000000)
  eden space 96256K, 100% used [0x00000000eaa80000,0x00000000f0880000,0x00000000f0880000)
  from space 13312K, 92% used [0x00000000f1780000,0x00000000f238d588,0x00000000f2480000)
  to   space 15360K, 0% used [0x00000000f0880000,0x00000000f0880000,0x00000000f1780000)
 ParOldGen       total 64512K, used 17818K [0x00000000c0000000, 0x00000000c3f00000, 0x00000000eaa80000)
  object space 64512K, 27% used [0x00000000c0000000,0x00000000c1166868,0x00000000c3f00000)
 PSPermGen       total 21504K, used 5984K [0x00000000bae00000, 0x00000000bc300000, 0x00000000c0000000)
  object space 21504K, 27% used [0x00000000bae00000,0x00000000bb3d8378,0x00000000bc300000)
Event: 8.145 GC heap after
Heap after GC invocations=7 (full 0):
 PSYoungGen      total 111616K, used 15328K [0x00000000eaa80000, 0x00000000f9580000, 0x0000000100000000)
  eden space 96256K, 0% used [0x00000000eaa80000,0x00000000eaa80000,0x00000000f0880000)
  from space 15360K, 99% used [0x00000000f0880000,0x00000000f1778020,0x00000000f1780000)
  to   space 24064K, 0% used [0x00000000f7e00000,0x00000000f7e00000,0x00000000f9580000)
 ParOldGen       total 64512K, used 29818K [0x00000000c0000000, 0x00000000c3f00000, 0x00000000eaa80000)
  object space 64512K, 46% used [0x00000000c0000000,0x00000000c1d1eb48,0x00000000c3f00000)
 PSPermGen       total 21504K, used 5984K [0x00000000bae00000, 0x00000000bc300000, 0x00000000c0000000)
  object space 21504K, 27% used [0x00000000bae00000,0x00000000bb3d8378,0x00000000bc300000)
}
Event: 8.574 GC heap before
{Heap before GC invocations=8 (full 0):
 PSYoungGen      total 111616K, used 111584K [0x00000000eaa80000, 0x00000000f9580000, 0x0000000100000000)
  eden space 96256K, 100% used [0x00000000eaa80000,0x00000000f0880000,0x00000000f0880000)
  from space 15360K, 99% used [0x00000000f0880000,0x00000000f1778020,0x00000000f1780000)
  to   space 24064K, 0% used [0x00000000f7e00000,0x00000000f7e00000,0x00000000f9580000)
 ParOldGen       total 64512K, used 29818K [0x00000000c0000000, 0x00000000c3f00000, 0x00000000eaa80000)
  object space 64512K, 46% used [0x00000000c0000000,0x00000000c1d1eb48,0x00000000c3f00000)
 PSPermGen       total 21504K, used 6029K [0x00000000bae00000, 0x00000000bc300000, 0x00000000c0000000)
  object space 21504K, 28% used [0x00000000bae00000,0x00000000bb3e3720,0x00000000bc300000)
Event: 8.633 GC heap after
Heap after GC invocations=8 (full 0):
 PSYoungGen      total 209920K, used 24049K [0x00000000eaa80000, 0x00000000fa280000, 0x0000000100000000)
  eden space 185856K, 0% used [0x00000000eaa80000,0x00000000eaa80000,0x00000000f6000000)
  from space 24064K, 99% used [0x00000000f7e00000,0x00000000f957c4a0,0x00000000f9580000)
  to   space 30720K, 0% used [0x00000000f6000000,0x00000000f6000000,0x00000000f7e00000)
 ParOldGen       total 64512K, used 35730K [0x00000000c0000000, 0x00000000c3f00000, 0x00000000eaa80000)
  object space 64512K, 55% used [0x00000000c0000000,0x00000000c22e4b68,0x00000000c3f00000)
 PSPermGen       total 21504K, used 6029K [0x00000000bae00000, 0x00000000bc300000, 0x00000000c0000000)
  object space 21504K, 28% used [0x00000000bae00000,0x00000000bb3e3720,0x00000000bc300000)
}

